<?xml version="1.0" encoding="UTF-8"?>
<!-- Generated by org.testng.reporters.JUnitReportReporter -->
<testsuite hostname="DESKTOP-T99M484" failures="0" tests="1" name="com.OrangeHRM.TestCases.OrgangeHRM" time="11.184" errors="0" timestamp="25 Aug 2022 11:23:27 GMT" skipped="0">
  <testcase classname="com.OrangeHRM.TestCases.OrgangeHRM" name="loginHRM" time="11.184"/>
</testsuite> <!-- com.OrangeHRM.TestCases.OrgangeHRM -->
